Arguments: 
  /home/elsio/.nvm/versions/node/v18.14.2/bin/node /usr/share/yarn/bin/yarn.js

PATH: 
  /home/elsio/.nvm/versions/node/v18.14.2/bin:/usr/local/sbin:/usr/local/bin:/usr/sbin:/usr/bin:/sbin:/bin:/usr/games:/usr/local/games:/snap/bin

Yarn version: 
  1.22.19

Node version: 
  18.14.2

Platform: 
  linux x64

Trace: 
  Error: connect ENETUNREACH 2606:4700::6810:1423:443 - Local (:::0)
      at internalConnect (node:net:1066:16)
      at defaultTriggerAsyncIdScope (node:internal/async_hooks:464:18)
      at emitLookup (node:net:1323:9)
      at /usr/share/yarn/lib/cli.js:103606:29
      at /usr/share/yarn/lib/cli.js:103452:25
      at module.exports.RawTask.call (/usr/share/yarn/lib/cli.js:79584:19)
      at flush (/usr/share/yarn/lib/cli.js:79666:29)
      at process.processTicksAndRejections (node:internal/process/task_queues:77:11)

npm manifest: 
  {
    "name": "atom-button",
    "description": "The base button component. It's Vue 3, Nuxt 3 and Element-plus functional component.",
    "contributors": [
      {
        "name": "Elsio Sanchez",
        "url": "https://github.com/elsiosanchez",
        "email": "elsiosanches@gmail.com"
      }
    ],
    "private": false,
    "scripts": {
      "build": "nuxt build",
      "dev": "nuxt dev",
      "generate": "nuxt generate",
      "preview": "nuxt preview",
      "postinstall": "nuxt prepare"
    },
    "devDependencies": {
      "@element-plus/icons-vue": "^2.0.10",
      "@element-plus/nuxt": "^1.0.3",
      "@nuxt/ui": "^0.3.3",
      "element-plus": "^2.2.30",
      "tasksfile": "5.1.1",
      "@nuxt/content": "^2.4.3",
      "nuxt": "^3.2.3"
    },
    "dependencies": {
      "yarn": "^1.22"
    },
    "engines": {
      "node": ">= v18",
      "npm": ">= 9",
      "yarn": ">= 1.22"
    }
  }

yarn manifest: 
  No manifest

Lockfile: 
  No lockfile
